[debug] [2024-12-01T22:01:27.103Z] ----------------------------------------------------------------------
[debug] [2024-12-01T22:01:27.107Z] Command:       /opt/homebrew/Cellar/node/22.9.0_1/bin/node /opt/homebrew/bin/firebase init
[debug] [2024-12-01T22:01:27.107Z] CLI Version:   13.27.0
[debug] [2024-12-01T22:01:27.107Z] Platform:      darwin
[debug] [2024-12-01T22:01:27.107Z] Node Version:  v22.9.0
[debug] [2024-12-01T22:01:27.107Z] Time:          Sun Dec 01 2024 16:01:27 GMT-0600 (Central Standard Time)
[debug] [2024-12-01T22:01:27.108Z] ----------------------------------------------------------------------
[debug] 
[debug] [2024-12-01T22:01:27.111Z] > command requires scopes: ["email","openid","https://www.googleapis.com/auth/cloudplatformprojects.readonly","https://www.googleapis.com/auth/firebase","https://www.googleapis.com/auth/cloud-platform"]
[debug] [2024-12-01T22:01:27.111Z] > authorizing via signed-in user (sophia.cea.shell@gmail.com)
[info] 
     ######## #### ########  ######## ########     ###     ######  ########
     ##        ##  ##     ## ##       ##     ##  ##   ##  ##       ##
     ######    ##  ########  ######   ########  #########  ######  ######
     ##        ##  ##    ##  ##       ##     ## ##     ##       ## ##
     ##       #### ##     ## ######## ########  ##     ##  ######  ########

You're about to initialize a Firebase project in this directory:

  /Users/sophiac/Desktop/mothers website

[info] 
=== Project Setup
[info] 
[info] First, let's associate this project directory with a Firebase project.
[info] You can create multiple project aliases by running firebase use --add, 
[info] but for now we'll just set up a default project.
[info] 
[debug] [2024-12-01T22:01:40.037Z] Checked if tokens are valid: false, expires at: 1733030115273
[debug] [2024-12-01T22:01:40.037Z] Checked if tokens are valid: false, expires at: 1733030115273
[debug] [2024-12-01T22:01:40.038Z] > refreshing access token with scopes: []
[debug] [2024-12-01T22:01:40.039Z] >>> [apiv2][query] POST https://www.googleapis.com/oauth2/v3/token [none]
[debug] [2024-12-01T22:01:40.039Z] >>> [apiv2][body] POST https://www.googleapis.com/oauth2/v3/token [omitted]
[debug] [2024-12-01T22:01:40.193Z] <<< [apiv2][status] POST https://www.googleapis.com/oauth2/v3/token 200
[debug] [2024-12-01T22:01:40.193Z] <<< [apiv2][body] POST https://www.googleapis.com/oauth2/v3/token [omitted]
[debug] [2024-12-01T22:01:40.207Z] >>> [apiv2][query] GET https://firebase.googleapis.com/v1beta1/projects pageSize=100
[debug] [2024-12-01T22:01:40.484Z] <<< [apiv2][status] GET https://firebase.googleapis.com/v1beta1/projects 200
[debug] [2024-12-01T22:01:40.485Z] <<< [apiv2][body] GET https://firebase.googleapis.com/v1beta1/projects [omitted]
